<?xml version="1.0" encoding="UTF-8"?>
<!-- Generated by org.testng.reporters.JUnitReportReporter -->
<testsuite skipped="0" hostname="DESKTOP-T7F5CBB" name="Demotestng.google" tests="2" failures="0" timestamp="2021-07-22T14:02:58 IST" time="36.983" errors="0">
  <testcase name="tc_01" time="17.148" classname="Demotestng.google"/>
  <system-out/>
  <testcase name="tc_02" time="19.835" classname="Demotestng.google"/>
  <system-out/>
</testsuite> <!-- Demotestng.google -->
