<?xml version="1.0" encoding="UTF-8"?>
<!-- Generated by org.testng.reporters.JUnitReportReporter -->
<testsuite skipped="0" hostname="DESKTOP-T7F5CBB" name="Demotestng.Demo" tests="1" failures="0" timestamp="2021-07-23T14:49:33 IST" time="0.018" errors="0">
  <testcase name="tc" time="0.018" classname="Demotestng.Demo"/>
  <system-out/>
</testsuite> <!-- Demotestng.Demo -->
