<?xml version="1.0" encoding="UTF-8"?>
<!-- Generated by org.testng.reporters.JUnitReportReporter -->
<testsuite skipped="0" hostname="DESKTOP-T7F5CBB" name="Demotestng.DemoParraall2" tests="1" failures="0" timestamp="2021-07-23T17:18:35 IST" time="26.856" errors="0">
  <testcase name="tc2" time="26.856" classname="Demotestng.DemoParraall2"/>
  <system-out/>
</testsuite> <!-- Demotestng.DemoParraall2 -->
