<?xml version="1.0" encoding="UTF-8"?>
<!-- Generated by org.testng.reporters.JUnitReportReporter -->
<testsuite skipped="0" hostname="DESKTOP-T7F5CBB" name="Demotestng.DemoMP" tests="2" failures="0" timestamp="2021-07-23T17:28:52 IST" time="52.549" errors="0">
  <testcase name="tc2" time="24.321" classname="Demotestng.DemoMP"/>
  <system-out/>
  <testcase name="tc1" time="28.228" classname="Demotestng.DemoMP"/>
  <system-out/>
</testsuite> <!-- Demotestng.DemoMP -->
