<?xml version="1.0" encoding="UTF-8"?>
<!-- Generated by org.testng.reporters.JUnitReportReporter -->
<testsuite skipped="0" hostname="DESKTOP-T7F5CBB" name="Demotestng.Demoparrall1" tests="1" failures="0" timestamp="2021-07-23T17:18:35 IST" time="138.887" errors="0">
  <testcase name="tc1" time="138.887" classname="Demotestng.Demoparrall1"/>
  <system-out/>
</testsuite> <!-- Demotestng.Demoparrall1 -->
